INFO: [VRFC 10-2263] Analyzing Verilog file "/home/anthony/Documents/PhilosophyV/src/philv_core/modules/control/main_controller/main_controller.v" into library xil_defaultlib
INFO: [VRFC 10-311] analyzing module main_controller
INFO: [VRFC 10-2263] Analyzing Verilog file "/home/anthony/Documents/PhilosophyV/src/philv_core/philv_core.v" into library xil_defaultlib
INFO: [VRFC 10-311] analyzing module philosophy_v_core
INFO: [VRFC 10-2263] Analyzing Verilog file "/home/anthony/Documents/PhilosophyV/src/philv_core/modules/registers/register.v" into library xil_defaultlib
INFO: [VRFC 10-311] analyzing module register
INFO: [VRFC 10-2263] Analyzing Verilog file "/home/anthony/Documents/PhilosophyV/src/philv_core/modules/registers/registerFile.v" into library xil_defaultlib
INFO: [VRFC 10-311] analyzing module registerFile
INFO: [VRFC 10-2263] Analyzing Verilog file "/home/anthony/Documents/PhilosophyV/src/philv_core/modules/combinatorial/decoder.v" into library xil_defaultlib
INFO: [VRFC 10-311] analyzing module decoder
INFO: [VRFC 10-2263] Analyzing Verilog file "/home/anthony/Documents/PhilosophyV/src/philv_core/modules/combinatorial/instr_decoder/instr_decoder.v" into library xil_defaultlib
INFO: [VRFC 10-311] analyzing module instr_decoder
INFO: [VRFC 10-2263] Analyzing Verilog file "/home/anthony/Documents/PhilosophyV/src/philv_core/modules/combinatorial/mux/mux2.v" into library xil_defaultlib
INFO: [VRFC 10-311] analyzing module mux2
INFO: [VRFC 10-2263] Analyzing Verilog file "/home/anthony/Documents/PhilosophyV/src/philv_core/modules/memory/memory.v" into library xil_defaultlib
INFO: [VRFC 10-311] analyzing module memory
WARNING: [VRFC 10-2379] empty port in module declaration [/home/anthony/Documents/PhilosophyV/src/philv_core/modules/memory/memory.v:31]
INFO: [VRFC 10-2263] Analyzing Verilog file "/home/anthony/Documents/PhilosophyV/src/philv_core/modules/combinatorial/mux/mux4.v" into library xil_defaultlib
INFO: [VRFC 10-311] analyzing module mux4
INFO: [VRFC 10-2263] Analyzing Verilog file "/home/anthony/Documents/PhilosophyV/src/philv_core/modules/combinatorial/program_counter/program_counter.v" into library xil_defaultlib
INFO: [VRFC 10-311] analyzing module program_counter
INFO: [VRFC 10-2263] Analyzing Verilog file "/home/anthony/Documents/PhilosophyV/src/philv_core/modules/combinatorial/alu/alu.v" into library xil_defaultlib
INFO: [VRFC 10-311] analyzing module alu
INFO: [VRFC 10-2263] Analyzing Verilog file "/home/anthony/Documents/PhilosophyV/src/test/modules_tb/philv_core/run_phil_v_core.v" into library xil_defaultlib
INFO: [VRFC 10-311] analyzing module run_philv_core
INFO: [VRFC 10-2263] Analyzing Verilog file "/home/anthony/Documents/PhilosophyV/src/test/modules_tb/mux/mux2_tb.v" into library xil_defaultlib
INFO: [VRFC 10-311] analyzing module mux2_tb
INFO: [VRFC 10-2263] Analyzing Verilog file "/home/anthony/Documents/PhilosophyV/src/test/modules_tb/mux/mux4_tb.v" into library xil_defaultlib
INFO: [VRFC 10-311] analyzing module mux4_tb
INFO: [VRFC 10-2263] Analyzing Verilog file "/home/anthony/Documents/PhilosophyV/src/test/modules_tb/alu/alu_tb.v" into library xil_defaultlib
INFO: [VRFC 10-311] analyzing module alu_test
INFO: [VRFC 10-2263] Analyzing Verilog file "/home/anthony/Documents/PhilosophyV/src/test/assembly_tests/cmp_reg_file.v" into library xil_defaultlib
WARNING: [VRFC 10-3507] macro 'NUM_CYCLES' redefined [/home/anthony/Documents/PhilosophyV/src/test/assembly_tests/cmp_reg_file.v:22]
INFO: [VRFC 10-311] analyzing module cmp_reg_file
