INFO: [VRFC 10-2263] Analyzing Verilog file "/home/anthony/Documents/PhilosophyV/src/modules/alu/alu.v" into library xil_defaultlib
INFO: [VRFC 10-311] analyzing module alu
INFO: [VRFC 10-2263] Analyzing Verilog file "/home/anthony/Documents/PhilosophyV/src/modules/control/alu_decoder/alu_decoder.v" into library xil_defaultlib
INFO: [VRFC 10-311] analyzing module alu_decoder
INFO: [VRFC 10-2263] Analyzing Verilog file "/home/anthony/Documents/PhilosophyV/src/modules/combinatorial/decoder.v" into library xil_defaultlib
INFO: [VRFC 10-311] analyzing module decoder
INFO: [VRFC 10-2263] Analyzing Verilog file "/home/anthony/Documents/PhilosophyV/src/modules/registers/doubleRegister.v" into library xil_defaultlib
INFO: [VRFC 10-311] analyzing module doubleRegister
INFO: [VRFC 10-2263] Analyzing Verilog file "/home/anthony/Documents/PhilosophyV/src/modules/control/main_controller/main_controller.v" into library xil_defaultlib
INFO: [VRFC 10-311] analyzing module main_controller
INFO: [VRFC 10-2263] Analyzing Verilog file "/home/anthony/Documents/PhilosophyV/src/modules/combinatorial/mux/mux2.v" into library xil_defaultlib
INFO: [VRFC 10-311] analyzing module mux2
INFO: [VRFC 10-2263] Analyzing Verilog file "/home/anthony/Documents/PhilosophyV/src/modules/combinatorial/mux/mux4.v" into library xil_defaultlib
INFO: [VRFC 10-311] analyzing module mux4
INFO: [VRFC 10-2263] Analyzing Verilog file "/home/anthony/Documents/PhilosophyV/src/modules/philv_core/philv_core.v" into library xil_defaultlib
INFO: [VRFC 10-311] analyzing module philosophy_v_core
INFO: [VRFC 10-2263] Analyzing Verilog file "/home/anthony/Documents/PhilosophyV/src/modules/registers/register.v" into library xil_defaultlib
INFO: [VRFC 10-311] analyzing module register
INFO: [VRFC 10-2263] Analyzing Verilog file "/home/anthony/Documents/PhilosophyV/src/modules/registers/registerFile.v" into library xil_defaultlib
INFO: [VRFC 10-311] analyzing module registerFile
INFO: [VRFC 10-2263] Analyzing Verilog file "/home/anthony/Documents/PhilosophyV/src/modules/memory/synth_dual_port_memory.v" into library xil_defaultlib
INFO: [VRFC 10-311] analyzing module synth_dual_port_memory
INFO: [VRFC 10-2263] Analyzing Verilog file "/home/anthony/Documents/PhilosophyV/src/modules_tb/philv_core/run_phil_v_core.v" into library xil_defaultlib
INFO: [VRFC 10-311] analyzing module run_philv_core
